11-04 10:58:01 com_github_MitjaNemec_ReplicateLayout.action_replicate_layout 392:Plugin executed on: 'win32'
11-04 10:58:01 com_github_MitjaNemec_ReplicateLayout.action_replicate_layout 393:Plugin executed with python version: '3.11.5 (main, Dec 24 2024, 05:27:06) [MSC v.1942 64 bit (AMD64)]'
11-04 10:58:01 com_github_MitjaNemec_ReplicateLayout.action_replicate_layout 394:KiCad build version: 8.0.8
11-04 10:58:01 com_github_MitjaNemec_ReplicateLayout.action_replicate_layout 395:Plugin version: 3.0.3
11-04 10:58:01 com_github_MitjaNemec_ReplicateLayout.action_replicate_layout 396:Frame repr: <wx._core.Frame object at 0x000002B83B4D0430>
11-04 10:58:01 com_github_MitjaNemec_ReplicateLayout.action_replicate_layout 420:Preparing replicator with J1 as a reference
11-04 10:58:01 com_github_MitjaNemec_ReplicateLayout.replicate_layout 117:getting a list of all footprints on board
11-04 10:58:01 com_github_MitjaNemec_ReplicateLayout.action_replicate_layout 468:source anchor footprint is 'J1'
Located on: ['Channel 2']
With filenames: ['Channels.kicad_sch']
With sheet_id:['Channel 2']
11-04 10:58:01 com_github_MitjaNemec_ReplicateLayout.action_replicate_layout 475:Corresponding footprints are 
[('J7', ['Channel 1']), ('J5', ['Channel 3']), ('J1', ['Channel 2'])]
11-04 10:58:01 com_github_MitjaNemec_ReplicateLayout.action_replicate_layout 487:Showing dialog
11-04 10:58:02 com_github_MitjaNemec_ReplicateLayout.replicate_layout 472:constructing a list of sheets suitable for replication on level:'Channel 2', file:'Channels.kicad_sch'
11-04 10:58:02 com_github_MitjaNemec_ReplicateLayout.replicate_layout 509:suitable sheets are:[['Channel 1'], ['Channel 3']]
11-04 10:58:02 com_github_MitjaNemec_ReplicateLayout.replicate_layout 1507:Level selected: ['Channel 2']
11-04 10:58:02 com_github_MitjaNemec_ReplicateLayout.replicate_layout 1331:Filtering list of tracks
11-04 10:58:02 com_github_MitjaNemec_ReplicateLayout.action_replicate_layout 493:Toolbar position: wx.Point(5549, 480)
11-04 10:58:02 com_github_MitjaNemec_ReplicateLayout.action_replicate_layout 498:Dialog position: wx.Point(5110, 480)
11-04 10:58:31 com_github_MitjaNemec_ReplicateLayout.replicate_layout 472:constructing a list of sheets suitable for replication on level:'Channel 2', file:'Channels.kicad_sch'
11-04 10:58:31 com_github_MitjaNemec_ReplicateLayout.replicate_layout 509:suitable sheets are:[['Channel 1'], ['Channel 3']]
11-04 10:58:31 com_github_MitjaNemec_ReplicateLayout.action_replicate_layout 240:Replicating layout
11-04 10:58:31 com_github_MitjaNemec_ReplicateLayout.replicate_layout 288:Starting replication of sheets: [['Channel 1'], ['Channel 3']]
on level: ['Channel 2']
with tracks=True, zone=True, text=True, text=True, intersecting=False, remove=True, locked footprints=False, group_only=False
11-04 10:58:31 root 332:updating GUI message: 'Preparing for replication'
11-04 10:58:31 root 337:updating GUI with: 0
11-04 10:58:31 com_github_MitjaNemec_ReplicateLayout.replicate_layout 358:Getting the list of source footprints
11-04 10:58:31 com_github_MitjaNemec_ReplicateLayout.replicate_layout 368:Getting the list of all the remaining footprints
11-04 10:58:31 com_github_MitjaNemec_ReplicateLayout.replicate_layout 375:Getting source tracks
11-04 10:58:31 com_github_MitjaNemec_ReplicateLayout.replicate_layout 1331:Filtering list of tracks
11-04 10:58:31 com_github_MitjaNemec_ReplicateLayout.replicate_layout 379:Getting source zones
11-04 10:58:31 com_github_MitjaNemec_ReplicateLayout.replicate_layout 383:Getting source text items
11-04 10:58:31 root 337:updating GUI with: 66
11-04 10:58:31 com_github_MitjaNemec_ReplicateLayout.replicate_layout 387:Getting source drawing items
11-04 10:58:31 com_github_MitjaNemec_ReplicateLayout.replicate_layout 320:Removing tracks and zones, before footprint placement
11-04 10:58:31 root 332:updating GUI message: 'Removing zones and tracks'
11-04 10:58:31 com_github_MitjaNemec_ReplicateLayout.replicate_layout 1277:Remove bounding box top:54195000, bottom:82634600, Left:114211500, Right:147408900
11-04 10:58:31 root 337:updating GUI with: 50
11-04 10:58:31 com_github_MitjaNemec_ReplicateLayout.replicate_layout 1277:Remove bounding box top:53941000, bottom:82380600, Left:155486500, Right:188683900
11-04 10:58:31 root 332:updating GUI message: 'Replicating footprints'
11-04 10:58:31 root 337:updating GUI with: 0
11-04 10:58:31 com_github_MitjaNemec_ReplicateLayout.replicate_layout 861:Replicating footprints
11-04 10:58:31 com_github_MitjaNemec_ReplicateLayout.replicate_layout 868:Replicating footprints on sheet ['Channel 1']
11-04 10:58:31 com_github_MitjaNemec_ReplicateLayout.replicate_layout 985:Src text UUid:17500127-19ba-41ba-9ebd-bd1460581f2f
11-04 10:58:31 com_github_MitjaNemec_ReplicateLayout.replicate_layout 986:Dst text UUid:49f4465a-afd0-40a8-a2d1-b417b834456c
11-04 10:58:31 com_github_MitjaNemec_ReplicateLayout.replicate_layout 985:Src text UUid:37a0d059-53ac-4f54-bd9c-58408cf61622
11-04 10:58:31 com_github_MitjaNemec_ReplicateLayout.replicate_layout 986:Dst text UUid:21e46cab-814e-4340-b594-c9c9905677e9
11-04 10:58:31 com_github_MitjaNemec_ReplicateLayout.replicate_layout 985:Src text UUid:98e2d12e-d61a-4c49-b7a3-f1bac7640fff
11-04 10:58:31 com_github_MitjaNemec_ReplicateLayout.replicate_layout 986:Dst text UUid:f7133456-fab0-4fd8-9ece-1b036188cd04
11-04 10:58:31 com_github_MitjaNemec_ReplicateLayout.replicate_layout 985:Src text UUid:40f92b4a-86a9-4f0c-a86e-b899de847ae5
11-04 10:58:31 com_github_MitjaNemec_ReplicateLayout.replicate_layout 986:Dst text UUid:32ec1ee5-9ac0-47b4-8993-5317179fe0ce
11-04 10:58:31 com_github_MitjaNemec_ReplicateLayout.replicate_layout 985:Src text UUid:a1e7a864-d3bc-4109-94eb-b9b7cc234437
11-04 10:58:31 com_github_MitjaNemec_ReplicateLayout.replicate_layout 986:Dst text UUid:3472528b-12d9-496a-8307-f3092be50628
11-04 10:58:31 com_github_MitjaNemec_ReplicateLayout.replicate_layout 985:Src text UUid:cc4beebc-d19f-47be-b06d-186a299634de
11-04 10:58:31 com_github_MitjaNemec_ReplicateLayout.replicate_layout 986:Dst text UUid:cd295587-f5e6-4432-a3d1-4c2c85565fb1
11-04 10:58:31 com_github_MitjaNemec_ReplicateLayout.replicate_layout 985:Src text UUid:dcbfe32b-d015-4fb2-9102-4d0bfc22c2d2
11-04 10:58:31 com_github_MitjaNemec_ReplicateLayout.replicate_layout 986:Dst text UUid:544c7e5d-f792-49a8-8e20-675772262f97
11-04 10:58:31 com_github_MitjaNemec_ReplicateLayout.replicate_layout 985:Src text UUid:ebf3162f-ea4b-4cf8-ad62-b865243988e0
11-04 10:58:31 com_github_MitjaNemec_ReplicateLayout.replicate_layout 986:Dst text UUid:0f9e219e-dd8f-41d3-8f31-24e8a487ed5d
11-04 10:58:31 com_github_MitjaNemec_ReplicateLayout.replicate_layout 985:Src text UUid:c2b41d7d-617e-473f-9e1f-a2a8969bf339
11-04 10:58:31 com_github_MitjaNemec_ReplicateLayout.replicate_layout 986:Dst text UUid:9c135b72-de7f-4223-a218-c1a93b916997
11-04 10:58:31 com_github_MitjaNemec_ReplicateLayout.replicate_layout 985:Src text UUid:2c4e8a2a-3a18-4543-90d6-42be1a73f7cf
11-04 10:58:31 com_github_MitjaNemec_ReplicateLayout.replicate_layout 986:Dst text UUid:dde4fee3-b125-49e3-b1af-c9b1280195dd
11-04 10:58:31 com_github_MitjaNemec_ReplicateLayout.replicate_layout 985:Src text UUid:bea18e11-3e13-4fb4-b0cd-cd6e35a07c34
11-04 10:58:31 com_github_MitjaNemec_ReplicateLayout.replicate_layout 986:Dst text UUid:89cb5c08-b587-4cae-9497-e83f10991753
11-04 10:58:31 com_github_MitjaNemec_ReplicateLayout.replicate_layout 985:Src text UUid:38b96084-c980-412d-88f9-1bf18465473a
11-04 10:58:31 com_github_MitjaNemec_ReplicateLayout.replicate_layout 986:Dst text UUid:1d4df841-7942-401a-974f-5f597a196fbd
11-04 10:58:31 com_github_MitjaNemec_ReplicateLayout.replicate_layout 985:Src text UUid:b06f6953-c430-4606-bb23-96a541f97e1c
11-04 10:58:31 com_github_MitjaNemec_ReplicateLayout.replicate_layout 986:Dst text UUid:78574d16-547c-4c20-af12-61d8441b4688
11-04 10:58:31 com_github_MitjaNemec_ReplicateLayout.replicate_layout 985:Src text UUid:b13fceb9-f5da-4e7a-bd32-ab1cd50b4915
11-04 10:58:31 com_github_MitjaNemec_ReplicateLayout.replicate_layout 986:Dst text UUid:36a2e30e-a5ae-44aa-b491-13be471b6fae
11-04 10:58:31 com_github_MitjaNemec_ReplicateLayout.replicate_layout 985:Src text UUid:0f97c082-108a-4183-9e10-c3b9c50c69e4
11-04 10:58:31 com_github_MitjaNemec_ReplicateLayout.replicate_layout 986:Dst text UUid:3cdd327f-e811-4c37-b4d1-31515a4c24bb
11-04 10:58:31 com_github_MitjaNemec_ReplicateLayout.replicate_layout 985:Src text UUid:07b3779b-0064-43c7-b590-5abba5037591
11-04 10:58:31 com_github_MitjaNemec_ReplicateLayout.replicate_layout 986:Dst text UUid:0a2d7835-58cc-4bdc-aa48-7fca3053a673
11-04 10:58:31 com_github_MitjaNemec_ReplicateLayout.replicate_layout 985:Src text UUid:bc5d027b-0c88-43af-810f-3327837a7941
11-04 10:58:31 com_github_MitjaNemec_ReplicateLayout.replicate_layout 986:Dst text UUid:5977fa51-2ddd-411b-a02f-b6fb1d38006c
11-04 10:58:31 com_github_MitjaNemec_ReplicateLayout.replicate_layout 985:Src text UUid:231d7915-cab9-455f-b86a-97270b4da4f5
11-04 10:58:31 com_github_MitjaNemec_ReplicateLayout.replicate_layout 986:Dst text UUid:8985a0b9-f214-4582-811f-b015e36c22ed
11-04 10:58:31 com_github_MitjaNemec_ReplicateLayout.replicate_layout 985:Src text UUid:2cca0037-0e9d-4840-9a9e-c924151925b1
11-04 10:58:31 com_github_MitjaNemec_ReplicateLayout.replicate_layout 986:Dst text UUid:0f71b604-fecc-4268-bcd9-35c201c118bb
11-04 10:58:31 com_github_MitjaNemec_ReplicateLayout.replicate_layout 985:Src text UUid:df96018a-db18-49c2-93ee-921e4d32fcab
11-04 10:58:31 com_github_MitjaNemec_ReplicateLayout.replicate_layout 986:Dst text UUid:21cf14eb-57d6-4a8d-a599-d5f275c5b9f5
11-04 10:58:31 com_github_MitjaNemec_ReplicateLayout.replicate_layout 985:Src text UUid:c2eee503-6781-463d-ab5c-895b4c74a5ae
11-04 10:58:31 com_github_MitjaNemec_ReplicateLayout.replicate_layout 986:Dst text UUid:331adb5b-c924-41d4-97e2-44728b3ec23c
11-04 10:58:31 com_github_MitjaNemec_ReplicateLayout.replicate_layout 985:Src text UUid:eb376aab-4ae0-4d1f-9a7a-e628f3e81a09
11-04 10:58:31 com_github_MitjaNemec_ReplicateLayout.replicate_layout 986:Dst text UUid:88dc75b1-ae15-40b4-b682-e1f29a6f1f17
11-04 10:58:31 com_github_MitjaNemec_ReplicateLayout.replicate_layout 985:Src text UUid:2046d379-f94c-42f2-8f93-a429a6b4dd21
11-04 10:58:31 com_github_MitjaNemec_ReplicateLayout.replicate_layout 986:Dst text UUid:9af2b990-02e9-4c89-97fb-50411ed23646
11-04 10:58:31 com_github_MitjaNemec_ReplicateLayout.replicate_layout 985:Src text UUid:01fc6fb2-666d-45ac-965e-e98b95e10b29
11-04 10:58:31 com_github_MitjaNemec_ReplicateLayout.replicate_layout 986:Dst text UUid:766e0df3-85e0-4fea-a416-fa477bc404a5
11-04 10:58:31 com_github_MitjaNemec_ReplicateLayout.replicate_layout 985:Src text UUid:c34066f7-307c-4e93-bfaa-3f66f2989adf
11-04 10:58:31 com_github_MitjaNemec_ReplicateLayout.replicate_layout 986:Dst text UUid:53d896f6-b1c2-4bfc-8b52-b85aed1b5104
11-04 10:58:31 com_github_MitjaNemec_ReplicateLayout.replicate_layout 985:Src text UUid:682c88ea-b47a-4383-9cea-7bd1c1ce2d26
11-04 10:58:31 com_github_MitjaNemec_ReplicateLayout.replicate_layout 986:Dst text UUid:be58b7b3-b45b-4321-97dc-511a1db92156
11-04 10:58:31 com_github_MitjaNemec_ReplicateLayout.replicate_layout 985:Src text UUid:fa7f40f2-1fa9-4499-9429-fe6130a333da
11-04 10:58:31 com_github_MitjaNemec_ReplicateLayout.replicate_layout 986:Dst text UUid:8ba8a200-52ab-41f9-b7f8-1089bd762f93
11-04 10:58:31 com_github_MitjaNemec_ReplicateLayout.replicate_layout 985:Src text UUid:f8387c53-6558-477d-b4d8-e6e5e53c3e2d
11-04 10:58:31 com_github_MitjaNemec_ReplicateLayout.replicate_layout 986:Dst text UUid:351cadf4-a225-4c7b-813f-fd04cfc5a824
11-04 10:58:31 com_github_MitjaNemec_ReplicateLayout.replicate_layout 985:Src text UUid:f76afd29-2514-427c-9b90-e36fe7cba88f
11-04 10:58:31 com_github_MitjaNemec_ReplicateLayout.replicate_layout 986:Dst text UUid:6625dd0b-70de-4521-9f43-d64bb6e2ca21
11-04 10:58:31 com_github_MitjaNemec_ReplicateLayout.replicate_layout 985:Src text UUid:d40c274b-e11d-4249-89d9-25f6eeed90ee
11-04 10:58:31 com_github_MitjaNemec_ReplicateLayout.replicate_layout 986:Dst text UUid:3f14f733-e53f-4077-999a-28a19272f5b7
11-04 10:58:31 com_github_MitjaNemec_ReplicateLayout.replicate_layout 985:Src text UUid:feb6c66a-ae53-4456-aee8-a6ac408e9c56
11-04 10:58:31 com_github_MitjaNemec_ReplicateLayout.replicate_layout 986:Dst text UUid:bd04a0db-698f-432c-b24e-3e47708c2aec
11-04 10:58:31 com_github_MitjaNemec_ReplicateLayout.replicate_layout 985:Src text UUid:e1d22da3-122d-4c16-bee0-faf486f39a5a
11-04 10:58:31 com_github_MitjaNemec_ReplicateLayout.replicate_layout 986:Dst text UUid:dfd406c8-e7ca-4469-adbb-10f299f70317
11-04 10:58:31 com_github_MitjaNemec_ReplicateLayout.replicate_layout 985:Src text UUid:804e2a37-bdcf-4938-a1c5-4cd4929ded4a
11-04 10:58:31 com_github_MitjaNemec_ReplicateLayout.replicate_layout 986:Dst text UUid:d2857198-c367-4271-af42-18a77463baff
11-04 10:58:31 com_github_MitjaNemec_ReplicateLayout.replicate_layout 985:Src text UUid:cd40fedd-4689-484f-a212-c0e190317c09
11-04 10:58:31 com_github_MitjaNemec_ReplicateLayout.replicate_layout 986:Dst text UUid:d0a9ce88-a654-4b03-a915-6f9f93a8b69b
11-04 10:58:31 com_github_MitjaNemec_ReplicateLayout.replicate_layout 985:Src text UUid:73fa4030-fd4a-4df1-984a-438a18f0176f
11-04 10:58:31 com_github_MitjaNemec_ReplicateLayout.replicate_layout 986:Dst text UUid:d72c5f38-9609-4130-b975-c13b98c88034
11-04 10:58:31 com_github_MitjaNemec_ReplicateLayout.replicate_layout 985:Src text UUid:970a00d3-10a6-468b-8404-afdf2b04f247
11-04 10:58:31 com_github_MitjaNemec_ReplicateLayout.replicate_layout 986:Dst text UUid:e49e78eb-21cb-44c5-b721-8a144697347e
11-04 10:58:31 com_github_MitjaNemec_ReplicateLayout.replicate_layout 985:Src text UUid:0d849c2d-5e50-4466-bdb1-ad514d9219c7
11-04 10:58:31 com_github_MitjaNemec_ReplicateLayout.replicate_layout 986:Dst text UUid:36662399-1ce3-43d8-a7fc-9df02ba0ad5e
11-04 10:58:31 com_github_MitjaNemec_ReplicateLayout.replicate_layout 985:Src text UUid:3ac32d8b-d5f8-4957-91e5-bcf6643cd2ad
11-04 10:58:31 com_github_MitjaNemec_ReplicateLayout.replicate_layout 986:Dst text UUid:96a16084-55dc-454f-b8ca-e3128b3c4088
11-04 10:58:31 com_github_MitjaNemec_ReplicateLayout.replicate_layout 985:Src text UUid:436e882c-af53-44af-9d1e-8cda13218e87
11-04 10:58:31 com_github_MitjaNemec_ReplicateLayout.replicate_layout 986:Dst text UUid:694e9183-c915-4cc4-8181-08b949f53d66
11-04 10:58:31 com_github_MitjaNemec_ReplicateLayout.replicate_layout 985:Src text UUid:861f4815-9807-4912-bcae-bba09a58e879
11-04 10:58:31 com_github_MitjaNemec_ReplicateLayout.replicate_layout 986:Dst text UUid:92dd9450-46a9-4d87-95f5-62d58e16a1c2
11-04 10:58:31 com_github_MitjaNemec_ReplicateLayout.replicate_layout 985:Src text UUid:0587336e-3a53-45ac-9ce0-63cc47d49575
11-04 10:58:31 com_github_MitjaNemec_ReplicateLayout.replicate_layout 986:Dst text UUid:fc612daa-c4db-49d8-9869-02f4e6fd62d3
11-04 10:58:31 com_github_MitjaNemec_ReplicateLayout.replicate_layout 985:Src text UUid:dd8b354f-b730-42ee-a8ae-e52ec1c382f6
11-04 10:58:31 com_github_MitjaNemec_ReplicateLayout.replicate_layout 986:Dst text UUid:ec6a91b0-40f6-4dde-ae6a-568ac958fcbb
11-04 10:58:31 com_github_MitjaNemec_ReplicateLayout.replicate_layout 985:Src text UUid:0a5b459d-1661-4162-b40c-aae795370123
11-04 10:58:31 com_github_MitjaNemec_ReplicateLayout.replicate_layout 986:Dst text UUid:ec0fd282-ab88-4ccd-9533-6deb9541ad1f
11-04 10:58:31 com_github_MitjaNemec_ReplicateLayout.replicate_layout 985:Src text UUid:aca74fbf-e02d-4413-9d1f-ff6778d99fe4
11-04 10:58:31 com_github_MitjaNemec_ReplicateLayout.replicate_layout 986:Dst text UUid:f95453b3-9c65-4f9a-a7b7-fc8aca763488
11-04 10:58:31 com_github_MitjaNemec_ReplicateLayout.replicate_layout 985:Src text UUid:abc15574-8103-4d63-b9d9-65be9b892d39
11-04 10:58:31 com_github_MitjaNemec_ReplicateLayout.replicate_layout 986:Dst text UUid:f5ee262d-66c0-433d-a0f5-354fb305d08d
11-04 10:58:31 com_github_MitjaNemec_ReplicateLayout.replicate_layout 985:Src text UUid:d678479b-998a-4689-9eb5-1d34c61891c5
11-04 10:58:31 com_github_MitjaNemec_ReplicateLayout.replicate_layout 986:Dst text UUid:2b04c9f8-a616-402c-9279-1bd0f5d90e65
11-04 10:58:31 com_github_MitjaNemec_ReplicateLayout.replicate_layout 985:Src text UUid:aaccf452-e58f-455d-93da-b1fc2cce9822
11-04 10:58:31 com_github_MitjaNemec_ReplicateLayout.replicate_layout 986:Dst text UUid:d245eafa-450b-4b31-9c88-c8cacab42c44
11-04 10:58:31 com_github_MitjaNemec_ReplicateLayout.replicate_layout 985:Src text UUid:4114b1ea-7077-4e95-80a1-4d1f15d5ea4b
11-04 10:58:31 com_github_MitjaNemec_ReplicateLayout.replicate_layout 986:Dst text UUid:0a525f9e-ef2d-4e9b-841c-add358072b88
11-04 10:58:31 com_github_MitjaNemec_ReplicateLayout.replicate_layout 985:Src text UUid:d29c066f-ce49-46bd-a8bb-a34c6a0318b8
11-04 10:58:31 com_github_MitjaNemec_ReplicateLayout.replicate_layout 986:Dst text UUid:a702d37f-fb05-4ab0-95d8-95c8bc512e34
11-04 10:58:31 com_github_MitjaNemec_ReplicateLayout.replicate_layout 985:Src text UUid:36defcd7-6aee-4558-9ccb-73039da5a8ff
11-04 10:58:31 com_github_MitjaNemec_ReplicateLayout.replicate_layout 986:Dst text UUid:a930d03a-1f69-4313-b176-6a4db9667777
11-04 10:58:31 com_github_MitjaNemec_ReplicateLayout.replicate_layout 985:Src text UUid:32f1325e-56ff-4f71-a6fa-c0fe07c8f6ea
11-04 10:58:31 com_github_MitjaNemec_ReplicateLayout.replicate_layout 986:Dst text UUid:8dca1354-24f8-4585-9398-f8504c024218
11-04 10:58:31 com_github_MitjaNemec_ReplicateLayout.replicate_layout 985:Src text UUid:762c1e59-8e48-483d-8aae-10bf465b384d
11-04 10:58:31 com_github_MitjaNemec_ReplicateLayout.replicate_layout 986:Dst text UUid:e3596be8-8a00-46ad-a428-a03df38cef52
11-04 10:58:31 com_github_MitjaNemec_ReplicateLayout.replicate_layout 985:Src text UUid:84fc317a-f813-42a5-be3c-9f50217ecbe8
11-04 10:58:31 com_github_MitjaNemec_ReplicateLayout.replicate_layout 986:Dst text UUid:98ecf827-350a-4a09-8553-fa646d00f32e
11-04 10:58:31 com_github_MitjaNemec_ReplicateLayout.replicate_layout 985:Src text UUid:b9a2b174-0902-4396-a094-c0975a721a9f
11-04 10:58:31 com_github_MitjaNemec_ReplicateLayout.replicate_layout 986:Dst text UUid:1999cf59-7554-4122-9191-1ccf7f609648
11-04 10:58:31 com_github_MitjaNemec_ReplicateLayout.replicate_layout 985:Src text UUid:1ade77f8-411c-40d7-b29e-30c8db89f88a
11-04 10:58:31 com_github_MitjaNemec_ReplicateLayout.replicate_layout 986:Dst text UUid:663eaca0-915c-4851-b230-9df51f48aed6
11-04 10:58:31 com_github_MitjaNemec_ReplicateLayout.replicate_layout 985:Src text UUid:eb413c32-cdad-49b5-8414-cff95cabd431
11-04 10:58:31 com_github_MitjaNemec_ReplicateLayout.replicate_layout 986:Dst text UUid:ae284c77-22bc-494c-b11d-d2c6ed18b880
11-04 10:58:31 com_github_MitjaNemec_ReplicateLayout.replicate_layout 985:Src text UUid:f6d06c89-e542-4d71-82cb-4f7c27cd3906
11-04 10:58:31 com_github_MitjaNemec_ReplicateLayout.replicate_layout 986:Dst text UUid:ed5b69f5-70d0-485d-8b6e-8fbacd324c45
11-04 10:58:31 com_github_MitjaNemec_ReplicateLayout.replicate_layout 985:Src text UUid:021b76c1-13d6-49f0-ab33-e650d5f427cb
11-04 10:58:31 com_github_MitjaNemec_ReplicateLayout.replicate_layout 986:Dst text UUid:1b43b439-ea1e-41e7-82ca-55edaf6f6f12
11-04 10:58:31 com_github_MitjaNemec_ReplicateLayout.replicate_layout 985:Src text UUid:93e06f30-7f71-44ad-8f1c-ae1cb4068a36
11-04 10:58:31 com_github_MitjaNemec_ReplicateLayout.replicate_layout 986:Dst text UUid:1e1221e5-9bca-4208-a621-fb2b3e3d34b5
11-04 10:58:31 com_github_MitjaNemec_ReplicateLayout.replicate_layout 985:Src text UUid:fdf8c089-bc75-40f3-8891-6c5619994a05
11-04 10:58:31 com_github_MitjaNemec_ReplicateLayout.replicate_layout 986:Dst text UUid:b32fdbcb-1238-4f2e-813d-9ae1683e32c8
11-04 10:58:31 root 337:updating GUI with: 47
11-04 10:58:31 com_github_MitjaNemec_ReplicateLayout.replicate_layout 985:Src text UUid:220753bd-d790-4e4b-917f-1306318cd9ac
11-04 10:58:31 com_github_MitjaNemec_ReplicateLayout.replicate_layout 986:Dst text UUid:9347cc75-b5d4-4aca-8a8a-bec95d5f2346
11-04 10:58:31 com_github_MitjaNemec_ReplicateLayout.replicate_layout 985:Src text UUid:f055c564-0bc8-4470-bbff-6acbeb4f5414
11-04 10:58:31 com_github_MitjaNemec_ReplicateLayout.replicate_layout 986:Dst text UUid:669f8f55-e41a-43b7-b1aa-0ed9bfe49e54
11-04 10:58:31 com_github_MitjaNemec_ReplicateLayout.replicate_layout 985:Src text UUid:00646c55-7cfb-48f9-8bfc-0cbd8ff7de31
11-04 10:58:31 com_github_MitjaNemec_ReplicateLayout.replicate_layout 986:Dst text UUid:d0522364-2c6a-4b39-9c6a-f7b44802977d
11-04 10:58:31 com_github_MitjaNemec_ReplicateLayout.replicate_layout 985:Src text UUid:58d5f2de-4718-458a-8acb-7caa70dd43b6
11-04 10:58:31 com_github_MitjaNemec_ReplicateLayout.replicate_layout 986:Dst text UUid:12ab7286-9112-4eb8-8e2d-8191d5764c47
11-04 10:58:31 com_github_MitjaNemec_ReplicateLayout.replicate_layout 985:Src text UUid:e1861dda-0b8d-4f1e-a77b-a3f102af4256
11-04 10:58:31 com_github_MitjaNemec_ReplicateLayout.replicate_layout 986:Dst text UUid:a6fc8518-5de9-45eb-a859-f34244ff0328
11-04 10:58:31 com_github_MitjaNemec_ReplicateLayout.replicate_layout 985:Src text UUid:aa500101-ecb1-4460-94c4-42048750e296
11-04 10:58:31 com_github_MitjaNemec_ReplicateLayout.replicate_layout 986:Dst text UUid:cb773148-869f-4181-aa1b-66c8130da706
11-04 10:58:31 com_github_MitjaNemec_ReplicateLayout.replicate_layout 868:Replicating footprints on sheet ['Channel 3']
11-04 10:58:31 com_github_MitjaNemec_ReplicateLayout.replicate_layout 985:Src text UUid:17500127-19ba-41ba-9ebd-bd1460581f2f
11-04 10:58:31 com_github_MitjaNemec_ReplicateLayout.replicate_layout 986:Dst text UUid:ed6b6622-0eac-4e67-9bb7-3ec4e829f4c8
11-04 10:58:31 com_github_MitjaNemec_ReplicateLayout.replicate_layout 985:Src text UUid:37a0d059-53ac-4f54-bd9c-58408cf61622
11-04 10:58:31 com_github_MitjaNemec_ReplicateLayout.replicate_layout 986:Dst text UUid:a8935c87-813e-4526-881a-18dc1f789553
11-04 10:58:31 com_github_MitjaNemec_ReplicateLayout.replicate_layout 985:Src text UUid:98e2d12e-d61a-4c49-b7a3-f1bac7640fff
11-04 10:58:31 com_github_MitjaNemec_ReplicateLayout.replicate_layout 986:Dst text UUid:10387887-7d11-4bd8-98ad-a07eb772fc9d
11-04 10:58:31 com_github_MitjaNemec_ReplicateLayout.replicate_layout 985:Src text UUid:40f92b4a-86a9-4f0c-a86e-b899de847ae5
11-04 10:58:31 com_github_MitjaNemec_ReplicateLayout.replicate_layout 986:Dst text UUid:d1776e56-4419-4097-b250-8481b06d8f5f
11-04 10:58:31 com_github_MitjaNemec_ReplicateLayout.replicate_layout 985:Src text UUid:a1e7a864-d3bc-4109-94eb-b9b7cc234437
11-04 10:58:31 com_github_MitjaNemec_ReplicateLayout.replicate_layout 986:Dst text UUid:101b9a8d-a54e-4a78-a944-a43b442d4c26
11-04 10:58:31 com_github_MitjaNemec_ReplicateLayout.replicate_layout 985:Src text UUid:cc4beebc-d19f-47be-b06d-186a299634de
11-04 10:58:31 com_github_MitjaNemec_ReplicateLayout.replicate_layout 986:Dst text UUid:ab20660f-a589-4a68-a290-e148e332ee51
11-04 10:58:31 com_github_MitjaNemec_ReplicateLayout.replicate_layout 985:Src text UUid:dcbfe32b-d015-4fb2-9102-4d0bfc22c2d2
11-04 10:58:31 com_github_MitjaNemec_ReplicateLayout.replicate_layout 986:Dst text UUid:69c51e1c-5b20-45d3-9b06-99a1ff905b14
11-04 10:58:31 com_github_MitjaNemec_ReplicateLayout.replicate_layout 985:Src text UUid:ebf3162f-ea4b-4cf8-ad62-b865243988e0
11-04 10:58:31 com_github_MitjaNemec_ReplicateLayout.replicate_layout 986:Dst text UUid:c04e5439-0489-4959-990f-a4b5361f8bcc
11-04 10:58:31 com_github_MitjaNemec_ReplicateLayout.replicate_layout 985:Src text UUid:c2b41d7d-617e-473f-9e1f-a2a8969bf339
11-04 10:58:31 com_github_MitjaNemec_ReplicateLayout.replicate_layout 986:Dst text UUid:7388175a-c2cd-4c86-a07e-cf3f656f5d2a
11-04 10:58:31 com_github_MitjaNemec_ReplicateLayout.replicate_layout 985:Src text UUid:2c4e8a2a-3a18-4543-90d6-42be1a73f7cf
11-04 10:58:31 com_github_MitjaNemec_ReplicateLayout.replicate_layout 986:Dst text UUid:05dc90e2-ab12-4020-9794-c737f9e27e1b
11-04 10:58:31 com_github_MitjaNemec_ReplicateLayout.replicate_layout 985:Src text UUid:bea18e11-3e13-4fb4-b0cd-cd6e35a07c34
11-04 10:58:31 com_github_MitjaNemec_ReplicateLayout.replicate_layout 986:Dst text UUid:f054bf38-2a0c-428c-b793-f8ac91ae986d
11-04 10:58:31 com_github_MitjaNemec_ReplicateLayout.replicate_layout 985:Src text UUid:38b96084-c980-412d-88f9-1bf18465473a
11-04 10:58:31 com_github_MitjaNemec_ReplicateLayout.replicate_layout 986:Dst text UUid:928fc26e-1467-485b-852f-51eb4bb65b37
11-04 10:58:31 com_github_MitjaNemec_ReplicateLayout.replicate_layout 985:Src text UUid:b06f6953-c430-4606-bb23-96a541f97e1c
11-04 10:58:31 com_github_MitjaNemec_ReplicateLayout.replicate_layout 986:Dst text UUid:985fc6e2-b3ea-4bc3-914d-a4d8ad444b0a
11-04 10:58:31 com_github_MitjaNemec_ReplicateLayout.replicate_layout 985:Src text UUid:b13fceb9-f5da-4e7a-bd32-ab1cd50b4915
11-04 10:58:31 com_github_MitjaNemec_ReplicateLayout.replicate_layout 986:Dst text UUid:a8a8bcbc-6965-4fac-8cfc-6b58fec70825
11-04 10:58:31 com_github_MitjaNemec_ReplicateLayout.replicate_layout 985:Src text UUid:0f97c082-108a-4183-9e10-c3b9c50c69e4
11-04 10:58:31 com_github_MitjaNemec_ReplicateLayout.replicate_layout 986:Dst text UUid:655fcac4-bfcd-4604-9777-9d2819d08b31
11-04 10:58:31 com_github_MitjaNemec_ReplicateLayout.replicate_layout 985:Src text UUid:07b3779b-0064-43c7-b590-5abba5037591
11-04 10:58:31 com_github_MitjaNemec_ReplicateLayout.replicate_layout 986:Dst text UUid:0d913e90-b741-4eab-a9be-f4730d6aef2e
11-04 10:58:31 com_github_MitjaNemec_ReplicateLayout.replicate_layout 985:Src text UUid:bc5d027b-0c88-43af-810f-3327837a7941
11-04 10:58:31 com_github_MitjaNemec_ReplicateLayout.replicate_layout 986:Dst text UUid:6344f412-17f1-42de-af7c-00acd75ec7fc
11-04 10:58:31 com_github_MitjaNemec_ReplicateLayout.replicate_layout 985:Src text UUid:231d7915-cab9-455f-b86a-97270b4da4f5
11-04 10:58:31 com_github_MitjaNemec_ReplicateLayout.replicate_layout 986:Dst text UUid:438c5146-d692-488f-a80b-207eaa3d6788
11-04 10:58:31 com_github_MitjaNemec_ReplicateLayout.replicate_layout 985:Src text UUid:2cca0037-0e9d-4840-9a9e-c924151925b1
11-04 10:58:31 com_github_MitjaNemec_ReplicateLayout.replicate_layout 986:Dst text UUid:87811efb-fe3e-4a89-aa9f-6138bdbec39b
11-04 10:58:31 com_github_MitjaNemec_ReplicateLayout.replicate_layout 985:Src text UUid:df96018a-db18-49c2-93ee-921e4d32fcab
11-04 10:58:31 com_github_MitjaNemec_ReplicateLayout.replicate_layout 986:Dst text UUid:65334c63-5072-45f8-9914-36cd9d337299
11-04 10:58:31 com_github_MitjaNemec_ReplicateLayout.replicate_layout 985:Src text UUid:c2eee503-6781-463d-ab5c-895b4c74a5ae
11-04 10:58:31 com_github_MitjaNemec_ReplicateLayout.replicate_layout 986:Dst text UUid:1ba1a33b-bd03-4e1a-894d-4c9629992b26
11-04 10:58:31 com_github_MitjaNemec_ReplicateLayout.replicate_layout 985:Src text UUid:eb376aab-4ae0-4d1f-9a7a-e628f3e81a09
11-04 10:58:31 com_github_MitjaNemec_ReplicateLayout.replicate_layout 986:Dst text UUid:bd88b268-a367-46a8-940b-33f011c9f2ac
11-04 10:58:31 com_github_MitjaNemec_ReplicateLayout.replicate_layout 985:Src text UUid:2046d379-f94c-42f2-8f93-a429a6b4dd21
11-04 10:58:31 com_github_MitjaNemec_ReplicateLayout.replicate_layout 986:Dst text UUid:1067ece2-2696-40b6-a985-3b06cb7ad3a6
11-04 10:58:31 com_github_MitjaNemec_ReplicateLayout.replicate_layout 985:Src text UUid:01fc6fb2-666d-45ac-965e-e98b95e10b29
11-04 10:58:31 com_github_MitjaNemec_ReplicateLayout.replicate_layout 986:Dst text UUid:a2ccd572-75c8-4bf3-b660-ff80f5c22ba0
11-04 10:58:31 com_github_MitjaNemec_ReplicateLayout.replicate_layout 985:Src text UUid:c34066f7-307c-4e93-bfaa-3f66f2989adf
11-04 10:58:31 com_github_MitjaNemec_ReplicateLayout.replicate_layout 986:Dst text UUid:783fb09f-55ba-49e2-bd56-20436a5197c7
11-04 10:58:31 com_github_MitjaNemec_ReplicateLayout.replicate_layout 985:Src text UUid:682c88ea-b47a-4383-9cea-7bd1c1ce2d26
11-04 10:58:31 com_github_MitjaNemec_ReplicateLayout.replicate_layout 986:Dst text UUid:6be19a25-9935-4165-96f7-5c64544c4a19
11-04 10:58:31 com_github_MitjaNemec_ReplicateLayout.replicate_layout 985:Src text UUid:fa7f40f2-1fa9-4499-9429-fe6130a333da
11-04 10:58:31 com_github_MitjaNemec_ReplicateLayout.replicate_layout 986:Dst text UUid:a967ba18-7d74-40cf-a3b9-83f045c02335
11-04 10:58:31 com_github_MitjaNemec_ReplicateLayout.replicate_layout 985:Src text UUid:f8387c53-6558-477d-b4d8-e6e5e53c3e2d
11-04 10:58:31 com_github_MitjaNemec_ReplicateLayout.replicate_layout 986:Dst text UUid:a56dc298-2e50-4115-b2ec-8a652b69a8ad
11-04 10:58:31 com_github_MitjaNemec_ReplicateLayout.replicate_layout 985:Src text UUid:f76afd29-2514-427c-9b90-e36fe7cba88f
11-04 10:58:31 com_github_MitjaNemec_ReplicateLayout.replicate_layout 986:Dst text UUid:fddf75de-8e7d-4482-b7f9-9be95678773c
11-04 10:58:31 com_github_MitjaNemec_ReplicateLayout.replicate_layout 985:Src text UUid:d40c274b-e11d-4249-89d9-25f6eeed90ee
11-04 10:58:31 com_github_MitjaNemec_ReplicateLayout.replicate_layout 986:Dst text UUid:104a1850-4a3a-4d06-8d3c-cf176463c182
11-04 10:58:31 com_github_MitjaNemec_ReplicateLayout.replicate_layout 985:Src text UUid:feb6c66a-ae53-4456-aee8-a6ac408e9c56
11-04 10:58:31 com_github_MitjaNemec_ReplicateLayout.replicate_layout 986:Dst text UUid:9948d626-c4f7-473b-8347-5120e22c261b
11-04 10:58:31 com_github_MitjaNemec_ReplicateLayout.replicate_layout 985:Src text UUid:e1d22da3-122d-4c16-bee0-faf486f39a5a
11-04 10:58:31 com_github_MitjaNemec_ReplicateLayout.replicate_layout 986:Dst text UUid:6ede8596-70c3-40d7-bee0-a231cda74603
11-04 10:58:31 com_github_MitjaNemec_ReplicateLayout.replicate_layout 985:Src text UUid:804e2a37-bdcf-4938-a1c5-4cd4929ded4a
11-04 10:58:31 com_github_MitjaNemec_ReplicateLayout.replicate_layout 986:Dst text UUid:4ca417c6-febb-49cf-9551-0a42d4753806
11-04 10:58:31 com_github_MitjaNemec_ReplicateLayout.replicate_layout 985:Src text UUid:cd40fedd-4689-484f-a212-c0e190317c09
11-04 10:58:31 com_github_MitjaNemec_ReplicateLayout.replicate_layout 986:Dst text UUid:89ac5fef-e719-4eae-af3a-c904988aa948
11-04 10:58:31 com_github_MitjaNemec_ReplicateLayout.replicate_layout 985:Src text UUid:73fa4030-fd4a-4df1-984a-438a18f0176f
11-04 10:58:31 com_github_MitjaNemec_ReplicateLayout.replicate_layout 986:Dst text UUid:1b1124b5-3c7a-446a-b2a3-232adf2b8c00
11-04 10:58:31 com_github_MitjaNemec_ReplicateLayout.replicate_layout 985:Src text UUid:970a00d3-10a6-468b-8404-afdf2b04f247
11-04 10:58:31 com_github_MitjaNemec_ReplicateLayout.replicate_layout 986:Dst text UUid:81529fd3-566f-41b1-a5da-bcde599b9a39
11-04 10:58:31 com_github_MitjaNemec_ReplicateLayout.replicate_layout 985:Src text UUid:0d849c2d-5e50-4466-bdb1-ad514d9219c7
11-04 10:58:31 com_github_MitjaNemec_ReplicateLayout.replicate_layout 986:Dst text UUid:9ad6b711-018f-4146-95b0-213d53952d87
11-04 10:58:31 com_github_MitjaNemec_ReplicateLayout.replicate_layout 985:Src text UUid:3ac32d8b-d5f8-4957-91e5-bcf6643cd2ad
11-04 10:58:31 com_github_MitjaNemec_ReplicateLayout.replicate_layout 986:Dst text UUid:f974963c-ba57-49d9-a8aa-b94d7b714919
11-04 10:58:31 com_github_MitjaNemec_ReplicateLayout.replicate_layout 985:Src text UUid:436e882c-af53-44af-9d1e-8cda13218e87
11-04 10:58:31 com_github_MitjaNemec_ReplicateLayout.replicate_layout 986:Dst text UUid:0b229709-37f3-4c93-ae01-7d404614c36f
11-04 10:58:31 com_github_MitjaNemec_ReplicateLayout.replicate_layout 985:Src text UUid:861f4815-9807-4912-bcae-bba09a58e879
11-04 10:58:31 com_github_MitjaNemec_ReplicateLayout.replicate_layout 986:Dst text UUid:05510542-f247-4080-822d-06146db9991e
11-04 10:58:31 com_github_MitjaNemec_ReplicateLayout.replicate_layout 985:Src text UUid:0587336e-3a53-45ac-9ce0-63cc47d49575
11-04 10:58:31 com_github_MitjaNemec_ReplicateLayout.replicate_layout 986:Dst text UUid:7d18e562-9b9c-43d8-8465-88f547666558
11-04 10:58:31 com_github_MitjaNemec_ReplicateLayout.replicate_layout 985:Src text UUid:dd8b354f-b730-42ee-a8ae-e52ec1c382f6
11-04 10:58:31 com_github_MitjaNemec_ReplicateLayout.replicate_layout 986:Dst text UUid:710b3948-074b-4bc9-aeb2-1961a344b4c2
11-04 10:58:31 com_github_MitjaNemec_ReplicateLayout.replicate_layout 985:Src text UUid:0a5b459d-1661-4162-b40c-aae795370123
11-04 10:58:31 com_github_MitjaNemec_ReplicateLayout.replicate_layout 986:Dst text UUid:89c1d38c-30a7-401e-887f-9945e596b86a
11-04 10:58:31 com_github_MitjaNemec_ReplicateLayout.replicate_layout 985:Src text UUid:aca74fbf-e02d-4413-9d1f-ff6778d99fe4
11-04 10:58:31 com_github_MitjaNemec_ReplicateLayout.replicate_layout 986:Dst text UUid:e56f16da-05bc-4f84-a1a6-a150977cb97f
11-04 10:58:31 com_github_MitjaNemec_ReplicateLayout.replicate_layout 985:Src text UUid:abc15574-8103-4d63-b9d9-65be9b892d39
11-04 10:58:31 com_github_MitjaNemec_ReplicateLayout.replicate_layout 986:Dst text UUid:15ba7cd6-19e0-4abd-8c87-8babfc648056
11-04 10:58:31 com_github_MitjaNemec_ReplicateLayout.replicate_layout 985:Src text UUid:d678479b-998a-4689-9eb5-1d34c61891c5
11-04 10:58:31 com_github_MitjaNemec_ReplicateLayout.replicate_layout 986:Dst text UUid:57bdf77b-c5a9-4f6f-bf11-ebf5e498e745
11-04 10:58:31 com_github_MitjaNemec_ReplicateLayout.replicate_layout 985:Src text UUid:aaccf452-e58f-455d-93da-b1fc2cce9822
11-04 10:58:31 com_github_MitjaNemec_ReplicateLayout.replicate_layout 986:Dst text UUid:4e785320-782b-4d56-907c-21352a899aec
11-04 10:58:31 com_github_MitjaNemec_ReplicateLayout.replicate_layout 985:Src text UUid:4114b1ea-7077-4e95-80a1-4d1f15d5ea4b
11-04 10:58:31 com_github_MitjaNemec_ReplicateLayout.replicate_layout 986:Dst text UUid:ce4eea20-f01b-4b94-8435-6959444c6743
11-04 10:58:31 com_github_MitjaNemec_ReplicateLayout.replicate_layout 985:Src text UUid:d29c066f-ce49-46bd-a8bb-a34c6a0318b8
11-04 10:58:31 com_github_MitjaNemec_ReplicateLayout.replicate_layout 986:Dst text UUid:637240ed-c38e-47e4-9275-3ed5ea43de20
11-04 10:58:31 com_github_MitjaNemec_ReplicateLayout.replicate_layout 985:Src text UUid:36defcd7-6aee-4558-9ccb-73039da5a8ff
11-04 10:58:31 com_github_MitjaNemec_ReplicateLayout.replicate_layout 986:Dst text UUid:cf8247c3-15a3-4c5f-8bed-c7d3ee07c3a2
11-04 10:58:31 com_github_MitjaNemec_ReplicateLayout.replicate_layout 985:Src text UUid:32f1325e-56ff-4f71-a6fa-c0fe07c8f6ea
11-04 10:58:31 com_github_MitjaNemec_ReplicateLayout.replicate_layout 986:Dst text UUid:69447ae1-7cc8-4886-98f8-1a7abe657355
11-04 10:58:31 com_github_MitjaNemec_ReplicateLayout.replicate_layout 985:Src text UUid:762c1e59-8e48-483d-8aae-10bf465b384d
11-04 10:58:31 com_github_MitjaNemec_ReplicateLayout.replicate_layout 986:Dst text UUid:0bdf4a5b-3937-4a2d-a111-45001ddd10bd
11-04 10:58:31 com_github_MitjaNemec_ReplicateLayout.replicate_layout 985:Src text UUid:84fc317a-f813-42a5-be3c-9f50217ecbe8
11-04 10:58:31 com_github_MitjaNemec_ReplicateLayout.replicate_layout 986:Dst text UUid:cbb3e0b7-2ef9-41bc-ab90-6968dd5e8065
11-04 10:58:31 com_github_MitjaNemec_ReplicateLayout.replicate_layout 985:Src text UUid:b9a2b174-0902-4396-a094-c0975a721a9f
11-04 10:58:31 com_github_MitjaNemec_ReplicateLayout.replicate_layout 986:Dst text UUid:37c107e2-81a1-4056-b3fb-b85f28747514
11-04 10:58:31 com_github_MitjaNemec_ReplicateLayout.replicate_layout 985:Src text UUid:1ade77f8-411c-40d7-b29e-30c8db89f88a
11-04 10:58:31 com_github_MitjaNemec_ReplicateLayout.replicate_layout 986:Dst text UUid:b0443b89-764f-4548-a0dc-2fa24a1b4d1e
11-04 10:58:31 com_github_MitjaNemec_ReplicateLayout.replicate_layout 985:Src text UUid:eb413c32-cdad-49b5-8414-cff95cabd431
11-04 10:58:31 com_github_MitjaNemec_ReplicateLayout.replicate_layout 986:Dst text UUid:3e131a80-bc89-42e3-a119-1f0e881bf94b
11-04 10:58:31 com_github_MitjaNemec_ReplicateLayout.replicate_layout 985:Src text UUid:f6d06c89-e542-4d71-82cb-4f7c27cd3906
11-04 10:58:31 com_github_MitjaNemec_ReplicateLayout.replicate_layout 986:Dst text UUid:3d277685-bb4d-4f25-81d0-75775e7896fe
11-04 10:58:31 com_github_MitjaNemec_ReplicateLayout.replicate_layout 985:Src text UUid:021b76c1-13d6-49f0-ab33-e650d5f427cb
11-04 10:58:31 com_github_MitjaNemec_ReplicateLayout.replicate_layout 986:Dst text UUid:c5e2687d-51bf-455b-8fa3-964fef00c817
11-04 10:58:31 com_github_MitjaNemec_ReplicateLayout.replicate_layout 985:Src text UUid:93e06f30-7f71-44ad-8f1c-ae1cb4068a36
11-04 10:58:31 com_github_MitjaNemec_ReplicateLayout.replicate_layout 986:Dst text UUid:1aec5793-4392-4a35-ab5f-7eae14bf1df9
11-04 10:58:31 com_github_MitjaNemec_ReplicateLayout.replicate_layout 985:Src text UUid:fdf8c089-bc75-40f3-8891-6c5619994a05
11-04 10:58:31 com_github_MitjaNemec_ReplicateLayout.replicate_layout 986:Dst text UUid:144e781b-fa77-45a9-a703-14efece9f08f
11-04 10:58:31 root 337:updating GUI with: 97
11-04 10:58:31 com_github_MitjaNemec_ReplicateLayout.replicate_layout 985:Src text UUid:220753bd-d790-4e4b-917f-1306318cd9ac
11-04 10:58:31 com_github_MitjaNemec_ReplicateLayout.replicate_layout 986:Dst text UUid:70270f17-7d64-476a-a4b5-6a8b322b4117
11-04 10:58:31 com_github_MitjaNemec_ReplicateLayout.replicate_layout 985:Src text UUid:f055c564-0bc8-4470-bbff-6acbeb4f5414
11-04 10:58:31 com_github_MitjaNemec_ReplicateLayout.replicate_layout 986:Dst text UUid:8be09fb0-8313-46de-a28d-1f62b0361cb9
11-04 10:58:31 com_github_MitjaNemec_ReplicateLayout.replicate_layout 985:Src text UUid:00646c55-7cfb-48f9-8bfc-0cbd8ff7de31
11-04 10:58:31 com_github_MitjaNemec_ReplicateLayout.replicate_layout 986:Dst text UUid:66cf810f-cfc8-46b0-a85d-2c179b37f7d1
11-04 10:58:31 com_github_MitjaNemec_ReplicateLayout.replicate_layout 985:Src text UUid:58d5f2de-4718-458a-8acb-7caa70dd43b6
11-04 10:58:31 com_github_MitjaNemec_ReplicateLayout.replicate_layout 986:Dst text UUid:d8f4b742-4ca9-48ae-8d25-9f3a5672fa3a
11-04 10:58:31 com_github_MitjaNemec_ReplicateLayout.replicate_layout 985:Src text UUid:e1861dda-0b8d-4f1e-a77b-a3f102af4256
11-04 10:58:31 com_github_MitjaNemec_ReplicateLayout.replicate_layout 986:Dst text UUid:caca26e1-5f8f-45a1-9c97-a3e1c14bf4dd
11-04 10:58:31 com_github_MitjaNemec_ReplicateLayout.replicate_layout 985:Src text UUid:aa500101-ecb1-4460-94c4-42048750e296
11-04 10:58:31 com_github_MitjaNemec_ReplicateLayout.replicate_layout 986:Dst text UUid:4ba63e6c-7c67-4dd2-b381-6df9453872eb
11-04 10:58:31 com_github_MitjaNemec_ReplicateLayout.replicate_layout 328:Removing tracks and zones, after footprint placement
11-04 10:58:31 root 332:updating GUI message: 'Removing zones and tracks'
11-04 10:58:31 com_github_MitjaNemec_ReplicateLayout.replicate_layout 1277:Remove bounding box top:54195000, bottom:82634600, Left:114211500, Right:146662400
11-04 10:58:31 com_github_MitjaNemec_ReplicateLayout.replicate_layout 1277:Remove bounding box top:53941000, bottom:82380600, Left:155486500, Right:187937400
11-04 10:58:31 root 332:updating GUI message: 'Replicating tracks'
11-04 10:58:31 com_github_MitjaNemec_ReplicateLayout.replicate_layout 1009:Replicating tracks
11-04 10:58:31 com_github_MitjaNemec_ReplicateLayout.replicate_layout 1015:Replicating tracks on sheet ['Channel 1']
11-04 10:58:31 com_github_MitjaNemec_ReplicateLayout.replicate_layout 792:Net pairs for sheet ['Channel 1'] :[('Net-(D1-Pad1)', 'Net-(D17-Pad1)'), ('/CPU/B_PULLUP_EN', '/CPU/A_PULLUP_EN'), ('+5V', '+5V'), ('Net-(J1-Pin_5)', 'Net-(J7-Pin_5)'), ('Net-(D2-K)', 'Net-(D18-K)'), ('Net-(Q4-G)', 'Net-(Q12-G)'), ('Net-(J2-Pin_3)', 'Net-(J11-Pin_2)'), ('+3V3', '+3V3'), ('Net-(D5-common)', 'Net-(D21-common)'), ('Net-(Q3-G)', 'Net-(Q11-G)'), ('Net-(J1-Pin_2)', 'Net-(J7-Pin_2)'), ('/CPU/DB1_RX', '/CPU/DA0_RX'), ('Net-(D3-common)', 'Net-(D19-common)'), ('/CPU/{slash}DB0_TX', '/CPU/{slash}DA0_TX'), ('GND', 'GND'), ('/CPU/DB0_RX', '/CPU/DA1_RX'), ('Net-(D1-Pad2)', 'Net-(D17-Pad2)'), ('Net-(J2-Pin_2)', 'Net-(J11-Pin_1)'), ('Net-(Q1-D)', 'Net-(Q9-D)'), ('Net-(Q1-G)', 'Net-(Q10-D)'), ('/CPU/{slash}DB1_TX', '/CPU/{slash}DA1_TX')]
11-04 10:58:31 root 337:updating GUI with: 32
11-04 10:58:31 com_github_MitjaNemec_ReplicateLayout.replicate_layout 1015:Replicating tracks on sheet ['Channel 3']
11-04 10:58:31 com_github_MitjaNemec_ReplicateLayout.replicate_layout 792:Net pairs for sheet ['Channel 3'] :[('/CPU/{slash}DB0_TX', '/CPU/{slash}DC0_TX'), ('/CPU/B_PULLUP_EN', '/CPU/C_PULLUP_EN'), ('Net-(J2-Pin_3)', 'Net-(J10-Pin_2)'), ('+5V', '+5V'), ('Net-(J1-Pin_5)', 'Net-(J5-Pin_5)'), ('Net-(D1-Pad1)', 'Net-(D11-Pad1)'), ('Net-(D2-K)', 'Net-(D12-K)'), ('Net-(Q4-G)', 'Net-(Q8-G)'), ('+3V3', '+3V3'), ('Net-(D5-common)', 'Net-(D15-common)'), ('Net-(D1-Pad2)', 'Net-(D11-Pad2)'), ('Net-(Q1-G)', 'Net-(Q5-G)'), ('/CPU/{slash}DB1_TX', '/CPU/{slash}DC1_TX'), ('Net-(D3-common)', 'Net-(D13-common)'), ('/CPU/DB0_RX', '/CPU/DC1_RX'), ('/CPU/DB1_RX', '/CPU/DC0_RX'), ('Net-(J2-Pin_2)', 'Net-(J10-Pin_1)'), ('GND', 'GND'), ('Net-(Q1-D)', 'Net-(Q5-D)'), ('Net-(Q3-G)', 'Net-(Q7-G)'), ('Net-(J1-Pin_2)', 'Net-(J5-Pin_2)')]
11-04 10:58:31 root 332:updating GUI message: 'Replicating zones'
11-04 10:58:31 com_github_MitjaNemec_ReplicateLayout.replicate_layout 1079:Replicating zones
11-04 10:58:31 com_github_MitjaNemec_ReplicateLayout.replicate_layout 1086:Replicating zones on sheet ['Channel 1']
11-04 10:58:31 com_github_MitjaNemec_ReplicateLayout.replicate_layout 792:Net pairs for sheet ['Channel 1'] :[('Net-(D1-Pad1)', 'Net-(D17-Pad1)'), ('/CPU/B_PULLUP_EN', '/CPU/A_PULLUP_EN'), ('+5V', '+5V'), ('Net-(J1-Pin_5)', 'Net-(J7-Pin_5)'), ('Net-(D2-K)', 'Net-(D18-K)'), ('Net-(Q4-G)', 'Net-(Q12-G)'), ('Net-(J2-Pin_3)', 'Net-(J11-Pin_2)'), ('+3V3', '+3V3'), ('Net-(D5-common)', 'Net-(D21-common)'), ('Net-(Q3-G)', 'Net-(Q11-G)'), ('Net-(J1-Pin_2)', 'Net-(J7-Pin_2)'), ('/CPU/DB1_RX', '/CPU/DA0_RX'), ('Net-(D3-common)', 'Net-(D19-common)'), ('/CPU/{slash}DB0_TX', '/CPU/{slash}DA0_TX'), ('GND', 'GND'), ('/CPU/DB0_RX', '/CPU/DA1_RX'), ('Net-(D1-Pad2)', 'Net-(D17-Pad2)'), ('Net-(J2-Pin_2)', 'Net-(J11-Pin_1)'), ('Net-(Q1-D)', 'Net-(Q9-D)'), ('Net-(Q1-G)', 'Net-(Q10-D)'), ('/CPU/{slash}DB1_TX', '/CPU/{slash}DA1_TX')]
11-04 10:58:31 com_github_MitjaNemec_ReplicateLayout.replicate_layout 1086:Replicating zones on sheet ['Channel 3']
11-04 10:58:31 com_github_MitjaNemec_ReplicateLayout.replicate_layout 792:Net pairs for sheet ['Channel 3'] :[('/CPU/{slash}DB0_TX', '/CPU/{slash}DC0_TX'), ('/CPU/B_PULLUP_EN', '/CPU/C_PULLUP_EN'), ('Net-(J2-Pin_3)', 'Net-(J10-Pin_2)'), ('+5V', '+5V'), ('Net-(J1-Pin_5)', 'Net-(J5-Pin_5)'), ('Net-(D1-Pad1)', 'Net-(D11-Pad1)'), ('Net-(D2-K)', 'Net-(D12-K)'), ('Net-(Q4-G)', 'Net-(Q8-G)'), ('+3V3', '+3V3'), ('Net-(D5-common)', 'Net-(D15-common)'), ('Net-(D1-Pad2)', 'Net-(D11-Pad2)'), ('Net-(Q1-G)', 'Net-(Q5-G)'), ('/CPU/{slash}DB1_TX', '/CPU/{slash}DC1_TX'), ('Net-(D3-common)', 'Net-(D13-common)'), ('/CPU/DB0_RX', '/CPU/DC1_RX'), ('/CPU/DB1_RX', '/CPU/DC0_RX'), ('Net-(J2-Pin_2)', 'Net-(J10-Pin_1)'), ('GND', 'GND'), ('Net-(Q1-D)', 'Net-(Q5-D)'), ('Net-(Q3-G)', 'Net-(Q7-G)'), ('Net-(J1-Pin_2)', 'Net-(J5-Pin_2)')]
11-04 10:58:31 root 332:updating GUI message: 'Replicating text'
11-04 10:58:31 com_github_MitjaNemec_ReplicateLayout.replicate_layout 1168:Replicating text
11-04 10:58:31 com_github_MitjaNemec_ReplicateLayout.replicate_layout 1175:Replicating text on sheet ['Channel 1']
11-04 10:58:31 com_github_MitjaNemec_ReplicateLayout.replicate_layout 1175:Replicating text on sheet ['Channel 3']
11-04 10:58:31 root 332:updating GUI message: 'Replicating drawings'
11-04 10:58:31 com_github_MitjaNemec_ReplicateLayout.replicate_layout 1219:Replicating drawings
11-04 10:58:31 com_github_MitjaNemec_ReplicateLayout.replicate_layout 1225:Replicating drawings on sheet ['Channel 1']
11-04 10:58:31 com_github_MitjaNemec_ReplicateLayout.replicate_layout 1225:Replicating drawings on sheet ['Channel 3']
11-04 10:58:32 com_github_MitjaNemec_ReplicateLayout.action_replicate_layout 256:Replication complete
